0 info it worked if it ends with ok
1 verbose cli [ 'c:\\Program Files\\nodejs\\node.exe',
1 verbose cli   'c:\\Program Files\\nodejs\\node_modules\\npm\\bin\\npm-cli.js',
1 verbose cli   'run',
1 verbose cli   'lint' ]
2 info using npm@3.10.10
3 info using node@v7.2.1
4 verbose run-script [ 'prelint', 'lint', 'postlint' ]
5 info lifecycle react-webpack-skeleton@1.0.0~prelint: react-webpack-skeleton@1.0.0
6 silly lifecycle react-webpack-skeleton@1.0.0~prelint: no script for prelint, continuing
7 info lifecycle react-webpack-skeleton@1.0.0~lint: react-webpack-skeleton@1.0.0
8 verbose lifecycle react-webpack-skeleton@1.0.0~lint: unsafe-perm in lifecycle true
9 verbose lifecycle react-webpack-skeleton@1.0.0~lint: PATH: C:\Users\Michael\AppData\Roaming\nvm\v7.2.1\node_modules\npm\bin\node-gyp-bin;c:\Users\Michael\Desktop\repositories\react-webpack-skeleton\node_modules\.bin;c:\Users\Michael\bin;.;C:\Program Files (x86)\Git\local\bin;C:\Program Files (x86)\Git\mingw\bin;C:\Program Files (x86)\Git\bin;C:\Program Files (x86)\Git\bin;c:\ProgramData\Oracle\Java\javapath;c:\Program Files (x86)\Lenovo\FusionEngine;c:\Program Files (x86)\NVIDIA Corporation\PhysX\Common;c:\Program Files (x86)\Intel\iCLS Client\;c:\Program Files\Intel\iCLS Client\;c:\WINDOWS\system32;c:\WINDOWS;c:\WINDOWS\System32\Wbem;c:\WINDOWS\System32\WindowsPowerShell\v1.0\;c:\Program Files\Intel\Intel(R) Management Engine Components\DAL;c:\Program Files\Intel\Intel(R) Management Engine Components\IPT;c:\Program Files (x86)\Intel\Intel(R) Management Engine Components\DAL;c:\Program Files (x86)\Intel\Intel(R) Management Engine Components\IPT;c:\Program Files\Intel\WiFi\bin\;c:\Program Files\Common Files\Intel\WirelessCommon\;c:\Program Files (x86)\Lenovo\Motion Control\;c:\Program Files (x86)\Common Files\lenovo\easyplussdk\bin;c:\Users\Michael\AppData\Roaming\Microsoft\Windows\Start Menu\Programs\Node.js\;C:\Program Files (x86)\Git\cmd;c:\Program Files\MongoDB\Server\3.0\bin;c:\HashiCorp\Vagrant\bin;c:\Program Files (x86)\Heroku\bin;C:\Program Files (x86)\Git\cmd;c:\Program Files\Sublime Text 3\;c:\PHP\;c:\Program Files\TortoiseGit\bin;c:\Users\Michael\AppData\Roaming\npm\node_modules\karma\bin;c:\Program Files (x86)\Skype\Phone\;c:\WINDOWS\system32\config\systemprofile\.dnx\bin;c:\Program Files\Microsoft DNX\Dnvm\;c:\Program Files (x86)\Windows Kits\8.1\Windows Performance Toolkit\;c:\Users\Michael\AppData\Roaming\nvm;c:\Program Files\nodejs;c:\Ruby21-x64\bin;c:\Python34\;c:\Users\Michael\AppData\Roaming\npm\node_modules;c:\Python34\Scripts;c:\curl;c:\Users\Michael\AppData\Roaming\npm;c:\Python27\;c:\Users\Michael\AppData\Local\Microsoft\WindowsApps;c:\Users\Michael\AppData\Roaming\nvm;c:\Program Files\nodejs
10 verbose lifecycle react-webpack-skeleton@1.0.0~lint: CWD: c:\Users\Michael\Desktop\repositories\react-webpack-skeleton
11 silly lifecycle react-webpack-skeleton@1.0.0~lint: Args: [ '/d /s /c', 'eslint src/**/*.jsx src/**/*.js' ]
12 silly lifecycle react-webpack-skeleton@1.0.0~lint: Returned: code: 1  signal: null
13 info lifecycle react-webpack-skeleton@1.0.0~lint: Failed to exec lint script
14 verbose stack Error: react-webpack-skeleton@1.0.0 lint: `eslint src/**/*.jsx src/**/*.js`
14 verbose stack Exit status 1
14 verbose stack     at EventEmitter.<anonymous> (C:\Users\Michael\AppData\Roaming\nvm\v7.2.1\node_modules\npm\lib\utils\lifecycle.js:255:16)
14 verbose stack     at emitTwo (events.js:106:13)
14 verbose stack     at EventEmitter.emit (events.js:191:7)
14 verbose stack     at ChildProcess.<anonymous> (C:\Users\Michael\AppData\Roaming\nvm\v7.2.1\node_modules\npm\lib\utils\spawn.js:40:14)
14 verbose stack     at emitTwo (events.js:106:13)
14 verbose stack     at ChildProcess.emit (events.js:191:7)
14 verbose stack     at maybeClose (internal/child_process.js:885:16)
14 verbose stack     at Process.ChildProcess._handle.onexit (internal/child_process.js:226:5)
15 verbose pkgid react-webpack-skeleton@1.0.0
16 verbose cwd c:\Users\Michael\Desktop\repositories\react-webpack-skeleton
17 error Windows_NT 10.0.14393
18 error argv "c:\\Program Files\\nodejs\\node.exe" "c:\\Program Files\\nodejs\\node_modules\\npm\\bin\\npm-cli.js" "run" "lint"
19 error node v7.2.1
20 error npm  v3.10.10
21 error code ELIFECYCLE
22 error react-webpack-skeleton@1.0.0 lint: `eslint src/**/*.jsx src/**/*.js`
22 error Exit status 1
23 error Failed at the react-webpack-skeleton@1.0.0 lint script 'eslint src/**/*.jsx src/**/*.js'.
23 error Make sure you have the latest version of node.js and npm installed.
23 error If you do, this is most likely a problem with the react-webpack-skeleton package,
23 error not with npm itself.
23 error Tell the author that this fails on your system:
23 error     eslint src/**/*.jsx src/**/*.js
23 error You can get information on how to open an issue for this project with:
23 error     npm bugs react-webpack-skeleton
23 error Or if that isn't available, you can get their info via:
23 error     npm owner ls react-webpack-skeleton
23 error There is likely additional logging output above.
24 verbose exit [ 1, true ]
